<?xml version="1.0" encoding="UTF-8"?>
<testng-results ignored="0" total="1" passed="1" failed="0" skipped="0">
  <reporter-output>
  </reporter-output>
  <suite started-at="2022-09-02T22:14:40 IST" name="PracticeSuite" finished-at="2022-09-02T22:15:48 IST" duration-ms="67208">
    <groups>
    </groups>
    <test started-at="2022-09-02T22:14:40 IST" name="loginTest" finished-at="2022-09-02T22:15:48 IST" duration-ms="67208">
      <class name="com.practise.testCases.loginPage">
        <test-method is-config="true" signature="browserSetup(java.lang.String)[pri:0, instance:com.practise.testCases.loginPage@29215f06]" started-at="2022-09-02T22:14:41 IST" name="browserSetup" finished-at="2022-09-02T22:15:09 IST" duration-ms="27814" status="PASS">
          <params>
            <param index="0">
              <value>
                <![CDATA[chrome]]>
              </value>
            </param>
          </params>
          <reporter-output>
          </reporter-output>
        </test-method> <!-- browserSetup -->
        <test-method signature="loginTest()[pri:0, instance:com.practise.testCases.loginPage@29215f06]" started-at="2022-09-02T22:15:09 IST" name="loginTest" finished-at="2022-09-02T22:15:47 IST" duration-ms="37881" status="PASS">
          <reporter-output>
          </reporter-output>
        </test-method> <!-- loginTest -->
        <test-method is-config="true" signature="quitBrowser()[pri:0, instance:com.practise.testCases.loginPage@29215f06]" started-at="2022-09-02T22:15:48 IST" name="quitBrowser" finished-at="2022-09-02T22:15:48 IST" duration-ms="1" status="PASS">
          <reporter-output>
          </reporter-output>
        </test-method> <!-- quitBrowser -->
      </class> <!-- com.practise.testCases.loginPage -->
    </test> <!-- loginTest -->
  </suite> <!-- PracticeSuite -->
</testng-results>
